<?xml version="1.0" encoding="UTF-8"?>
<!-- Generated by org.testng.reporters.JUnitReportReporter -->
<testsuite skipped="0" hostname="DESKTOP-H9K8AEB" name="testng_demo.Demo4" tests="2" failures="0" timestamp="22 三月 2021 03:02:39 GMT" time="0.013" errors="0">
  <testcase name="test5" time="0.010" classname="testng_demo.Demo4"/>
  <testcase name="test5" time="0.003" classname="testng_demo.Demo4"/>
</testsuite> <!-- testng_demo.Demo4 -->
