<?xml version="1.0" encoding="UTF-8"?>
<!-- Generated by org.testng.reporters.JUnitReportReporter -->
<testsuite skipped="0" hostname="DESKTOP-H9K8AEB" name="cases.RegistCases" tests="1" failures="0" timestamp="23 三月 2021 09:38:21 GMT" time="0.745" errors="0">
  <testcase name="testRegist" time="0.745" classname="cases.RegistCases"/>
</testsuite> <!-- cases.RegistCases -->
