<?xml version="1.0" encoding="UTF-8"?>
<!-- Generated by org.testng.reporters.JUnitReportReporter -->
<testsuite skipped="0" hostname="DESKTOP-H9K8AEB" name="testng_demo.Demo2" tests="1" failures="0" timestamp="22 三月 2021 03:04:40 GMT" time="0.004" errors="0">
  <testcase name="test3" time="0.004" classname="testng_demo.Demo2"/>
</testsuite> <!-- testng_demo.Demo2 -->
