<?xml version="1.0" encoding="UTF-8"?>
<!-- Generated by org.testng.reporters.JUnitReportReporter -->
<testsuite skipped="0" hostname="DESKTOP-H9K8AEB" name="testng_demo.Demo1" tests="2" failures="0" timestamp="22 三月 2021 03:04:40 GMT" time="0.022" errors="0">
  <testcase name="test2" time="0.008" classname="testng_demo.Demo1"/>
  <testcase name="test1" time="0.014" classname="testng_demo.Demo1"/>
</testsuite> <!-- testng_demo.Demo1 -->
