<?xml version="1.0" encoding="UTF-8"?>
<!-- Generated by org.testng.reporters.JUnitReportReporter -->
<testsuite skipped="0" hostname="DESKTOP-H9K8AEB" name="testng_demo.Demo3" tests="1" failures="0" timestamp="19 三月 2021 09:21:43 GMT" time="0.022" errors="0">
  <testcase name="test5" time="0.022" classname="testng_demo.Demo3"/>
</testsuite> <!-- testng_demo.Demo3 -->
