<?xml version="1.0" encoding="UTF-8"?>
<!-- Generated by org.testng.reporters.JUnitReportReporter -->
<testsuite skipped="0" hostname="DESKTOP-H9K8AEB" name="runapi.Run" tests="10" failures="0" timestamp="19 三月 2021 06:34:19 GMT" time="1.823" errors="0">
  <testcase name="testlogin" time="0.118" classname="runapi.Run"/>
  <testcase name="testlogin" time="0.115" classname="runapi.Run"/>
  <testcase name="testlogin" time="0.129" classname="runapi.Run"/>
  <testcase name="testlogin" time="0.134" classname="runapi.Run"/>
  <testcase name="testlogin" time="0.105" classname="runapi.Run"/>
  <testcase name="testlogin" time="0.632" classname="runapi.Run"/>
  <testcase name="testlogin" time="0.095" classname="runapi.Run"/>
  <testcase name="testlogin" time="0.290" classname="runapi.Run"/>
  <testcase name="testlogin" time="0.086" classname="runapi.Run"/>
  <testcase name="testlogin" time="0.119" classname="runapi.Run"/>
</testsuite> <!-- runapi.Run -->
