<?xml version="1.0" encoding="UTF-8"?>
<!-- Generated by org.testng.reporters.JUnitReportReporter -->
<testsuite skipped="0" hostname="DESKTOP-H9K8AEB" name="runapi.Run" tests="3" failures="0" timestamp="15 三月 2021 09:02:58 GMT" time="1.361" errors="0">
  <testcase name="testlogin" time="1.025" classname="runapi.Run"/>
  <testcase name="testlogin" time="0.191" classname="runapi.Run"/>
  <testcase name="testlogin" time="0.145" classname="runapi.Run"/>
</testsuite> <!-- runapi.Run -->
